<?xml version="1.0" encoding="UTF-8"?>
<!-- Generated by org.testng.reporters.JUnitXMLReporter -->
<testsuite ignored="0" hostname="LTIN169141" failures="0" tests="8" name="chrometest" time="117.366" errors="0" timestamp="2024-03-22T16:19:08 IST">
  <testcase classname="testCases.TC_001_BookShelves" name="bookShelvesCount" time="24.308"/>
  <testcase classname="testCases.TC_002_GiftCard" name="GiftCardPageData" time="10.056"/>
  <testcase classname="testCases.TC_002_GiftCard" name="test2" time="5.799"/>
  <testcase classname="testCases.TC_002_GiftCard" name="test2" time="6.535"/>
  <testcase classname="testCases.TC_002_GiftCard" name="test2" time="10.089"/>
  <testcase classname="testCases.TC_002_GiftCard" name="test2" time="5.336"/>
  <testcase classname="testCases.TC_002_GiftCard" name="test2" time="5.22"/>
  <testcase classname="testCases.TC_002_GiftCard" name="test2" time="15.467"/>
</testsuite> <!-- chrometest -->
