<?xml version="1.0" encoding="UTF-8"?>
<!-- Generated by org.testng.reporters.JUnitXMLReporter -->
<testsuite ignored="0" hostname="LTIN169141" failures="0" tests="8" name="edgetest" time="131.955" errors="0" timestamp="2024-03-22T16:19:22 IST">
  <testcase classname="testCases.TC_001_BookShelves" name="bookShelvesCount" time="21.288"/>
  <testcase classname="testCases.TC_002_GiftCard" name="GiftCardPageData" time="31.761"/>
  <testcase classname="testCases.TC_002_GiftCard" name="test2" time="5.969"/>
  <testcase classname="testCases.TC_002_GiftCard" name="test2" time="5.533"/>
  <testcase classname="testCases.TC_002_GiftCard" name="test2" time="5.38"/>
  <testcase classname="testCases.TC_002_GiftCard" name="test2" time="4.99"/>
  <testcase classname="testCases.TC_002_GiftCard" name="test2" time="5.011"/>
  <testcase classname="testCases.TC_002_GiftCard" name="test2" time="15.293"/>
</testsuite> <!-- edgetest -->
