<?xml version="1.0" encoding="UTF-8"?>
<!-- Generated by org.testng.reporters.JUnitXMLReporter -->
<testsuite ignored="0" hostname="LTIN197300" failures="0" tests="8" name="Test" time="144.093" errors="0" timestamp="2024-03-01T17:38:41 IST">
  <testcase classname="testCases.TC_001_BookShelves" name="bookShelvesCount" time="20.92"/>
  <testcase classname="testCases.TC_002_GiftCard" name="GiftCardPageData" time="14.61"/>
  <testcase classname="testCases.TC_002_GiftCard" name="test2" time="7.231"/>
  <testcase classname="testCases.TC_002_GiftCard" name="test2" time="7.13"/>
  <testcase classname="testCases.TC_002_GiftCard" name="test2" time="10.053"/>
  <testcase classname="testCases.TC_002_GiftCard" name="test2" time="8.591"/>
  <testcase classname="testCases.TC_002_GiftCard" name="test2" time="7.661"/>
  <testcase classname="testCases.TC_002_GiftCard" name="test2" time="17.255"/>
</testsuite> <!-- Test -->
